[    0.000000] Linux version 4.15.0-192-generic (buildd@lcy02-amd64-029) (gcc version 7.5.0 (Ubuntu 7.5.0-3ubuntu1~18.04)) #203-Ubuntu SMP Wed Aug 10 17:40:03 UTC 2022 (Ubuntu 4.15.0-192.203-generic 4.15.18)
[    0.000000] Command line: BOOT_IMAGE=/boot/vmlinuz-4.15.0-192-generic root=LABEL=cloudimg-rootfs ro console=tty1 console=ttyS0
[    0.000000] KERNEL supported cpus:
[    0.000000]   Intel GenuineIntel
[    0.000000]   AMD AuthenticAMD
[    0.000000]   Centaur CentaurHauls
[    0.000000] x86/fpu: Supporting XSAVE feature 0x001: 'x87 floating point registers'
[    0.000000] x86/fpu: Supporting XSAVE feature 0x002: 'SSE registers'
[    0.000000] x86/fpu: Supporting XSAVE feature 0x004: 'AVX registers'
[    0.000000] x86/fpu: xstate_offset[2]:  576, xstate_sizes[2]:  256
[    0.000000] x86/fpu: Enabled xstate features 0x7, context size is 832 bytes, using 'standard' format.
[    0.000000] e820: BIOS-provided physical RAM map:
[    0.000000] BIOS-e820: [mem 0x0000000000000000-0x000000000009fbff] usable
[    0.000000] BIOS-e820: [mem 0x000000000009fc00-0x000000000009ffff] reserved
[    0.000000] BIOS-e820: [mem 0x00000000000f0000-0x00000000000fffff] reserved
[    0.000000] BIOS-e820: [mem 0x0000000000100000-0x000000003ffeffff] usable
[    0.000000] BIOS-e820: [mem 0x000000003fff0000-0x000000003fffffff] ACPI data
[    0.000000] BIOS-e820: [mem 0x00000000fec00000-0x00000000fec00fff] reserved
[    0.000000] BIOS-e820: [mem 0x00000000fee00000-0x00000000fee00fff] reserved
[    0.000000] BIOS-e820: [mem 0x00000000fffc0000-0x00000000ffffffff] reserved
[    0.000000] NX (Execute Disable) protection: active
[    0.000000] SMBIOS 2.5 present.
[    0.000000] DMI: innotek GmbH VirtualBox/VirtualBox, BIOS VirtualBox 12/01/2006
[    0.000000] Hypervisor detected: KVM
[    0.000000] e820: last_pfn = 0x3fff0 max_arch_pfn = 0x400000000
[    0.000000] MTRR: Disabled
[    0.000000] x86/PAT: MTRRs disabled, skipping PAT initialization too.
[    0.000000] CPU MTRRs all blank - virtualized system.
[    0.000000] x86/PAT: Configuration [0-7]: WB  WT  UC- UC  WB  WT  UC- UC  
[    0.000000] found SMP MP-table at [mem 0x0009fff0-0x0009ffff]
[    0.000000] Scanning 1 areas for low memory corruption
[    0.000000] RAMDISK: [mem 0x359cb000-0x36cdcfff]
[    0.000000] ACPI: Early table checksum verification disabled
[    0.000000] ACPI: RSDP 0x00000000000E0000 000024 (v02 VBOX  )
[    0.000000] ACPI: XSDT 0x000000003FFF0030 00003C (v01 VBOX   VBOXXSDT 00000001 ASL  00000061)
[    0.000000] ACPI: FACP 0x000000003FFF00F0 0000F4 (v04 VBOX   VBOXFACP 00000001 ASL  00000061)
[    0.000000] ACPI: DSDT 0x000000003FFF0470 002325 (v02 VBOX   VBOXBIOS 00000002 INTL 20200925)
[    0.000000] ACPI: FACS 0x000000003FFF0200 000040
[    0.000000] ACPI: FACS 0x000000003FFF0200 000040
[    0.000000] ACPI: APIC 0x000000003FFF0240 00005C (v02 VBOX   VBOXAPIC 00000001 ASL  00000061)
[    0.000000] ACPI: SSDT 0x000000003FFF02A0 0001CC (v01 VBOX   VBOXCPUT 00000002 INTL 20200925)
[    0.000000] ACPI: Reserving FACP table memory at [mem 0x3fff00f0-0x3fff01e3]
[    0.000000] ACPI: Reserving DSDT table memory at [mem 0x3fff0470-0x3fff2794]
[    0.000000] ACPI: Reserving FACS table memory at [mem 0x3fff0200-0x3fff023f]
[    0.000000] ACPI: Reserving FACS table memory at [mem 0x3fff0200-0x3fff023f]
[    0.000000] ACPI: Reserving APIC table memory at [mem 0x3fff0240-0x3fff029b]
[    0.000000] ACPI: Reserving SSDT table memory at [mem 0x3fff02a0-0x3fff046b]
[    0.000000] No NUMA configuration found
[    0.000000] Faking a node at [mem 0x0000000000000000-0x000000003ffeffff]
[    0.000000] NODE_DATA(0) allocated [mem 0x3ffc5000-0x3ffeffff]
[    0.000000] kvm-clock: cpu 0, msr 0:3ff44001, primary cpu clock
[    0.000000] kvm-clock: Using msrs 4b564d01 and 4b564d00
[    0.000000] kvm-clock: using sched offset of 3533846898 cycles
[    0.000000] clocksource: kvm-clock: mask: 0xffffffffffffffff max_cycles: 0x1cd42e4dffb, max_idle_ns: 881590591483 ns
[    0.000000] Zone ranges:
[    0.000000]   DMA      [mem 0x0000000000001000-0x0000000000ffffff]
[    0.000000]   DMA32    [mem 0x0000000001000000-0x000000003ffeffff]
[    0.000000]   Normal   empty
[    0.000000]   Device   empty
[    0.000000] Movable zone start for each node
[    0.000000] Early memory node ranges
[    0.000000]   node   0: [mem 0x0000000000001000-0x000000000009efff]
[    0.000000]   node   0: [mem 0x0000000000100000-0x000000003ffeffff]
[    0.000000] Reserved but unavailable: 104 pages
[    0.000000] Initmem setup node 0 [mem 0x0000000000001000-0x000000003ffeffff]
[    0.000000] ACPI: PM-Timer IO Port: 0x4008
[    0.000000] IOAPIC[0]: apic_id 2, version 32, address 0xfec00000, GSI 0-23
[    0.000000] ACPI: INT_SRC_OVR (bus 0 bus_irq 0 global_irq 2 dfl dfl)
[    0.000000] ACPI: INT_SRC_OVR (bus 0 bus_irq 9 global_irq 9 low level)
[    0.000000] Using ACPI (MADT) for SMP configuration information
[    0.000000] smpboot: Allowing 2 CPUs, 0 hotplug CPUs
[    0.000000] PM: Registered nosave memory: [mem 0x00000000-0x00000fff]
[    0.000000] PM: Registered nosave memory: [mem 0x0009f000-0x0009ffff]
[    0.000000] PM: Registered nosave memory: [mem 0x000a0000-0x000effff]
[    0.000000] PM: Registered nosave memory: [mem 0x000f0000-0x000fffff]
[    0.000000] e820: [mem 0x40000000-0xfebfffff] available for PCI devices
[    0.000000] Booting paravirtualized kernel on KVM
[    0.000000] clocksource: refined-jiffies: mask: 0xffffffff max_cycles: 0xffffffff, max_idle_ns: 7645519600211568 ns
[    0.000000] random: get_random_bytes called from start_kernel+0x99/0x500 with crng_init=0
[    0.000000] setup_percpu: NR_CPUS:8192 nr_cpumask_bits:2 nr_cpu_ids:2 nr_node_ids:1
[    0.000000] percpu: Embedded 50 pages/cpu s167936 r8192 d28672 u1048576
[    0.000000] PV qspinlock hash table entries: 256 (order: 0, 4096 bytes)
[    0.000000] Built 1 zonelists, mobility grouping on.  Total pages: 257913
[    0.000000] Policy zone: DMA32
[    0.000000] Kernel command line: BOOT_IMAGE=/boot/vmlinuz-4.15.0-192-generic root=LABEL=cloudimg-rootfs ro console=tty1 console=ttyS0
[    0.000000] Memory: 982648K/1048120K available (12300K kernel code, 2484K rwdata, 4324K rodata, 2468K init, 2724K bss, 65472K reserved, 0K cma-reserved)
[    0.000000] SLUB: HWalign=64, Order=0-3, MinObjects=0, CPUs=2, Nodes=1
[    0.000000] Kernel/User page tables isolation: enabled
[    0.000000] ftrace: allocating 39482 entries in 155 pages
[    0.004000] Hierarchical RCU implementation.
[    0.004000] 	RCU restricting CPUs from NR_CPUS=8192 to nr_cpu_ids=2.
[    0.004000] 	Tasks RCU enabled.
[    0.004000] RCU: Adjusting geometry for rcu_fanout_leaf=16, nr_cpu_ids=2
[    0.004000] NR_IRQS: 524544, nr_irqs: 440, preallocated irqs: 16
[    0.004000] Console: colour VGA+ 80x25
[    0.004000] console [tty1] enabled
[    0.004000] console [ttyS0] enabled
[    0.004000] ACPI: Core revision 20170831
[    0.004000] ACPI: 2 ACPI AML tables successfully acquired and loaded
[    0.004000] APIC: Switch to symmetric I/O mode setup
[    0.004000] x2apic enabled
[    0.004000] Switched APIC routing to physical x2apic.
[    0.004000] ..TIMER: vector=0x30 apic1=0 pin1=2 apic2=-1 pin2=-1
[    0.004004] tsc: Detected 2807.970 MHz processor
[    0.005093] Calibrating delay loop (skipped) preset value.. 5615.94 BogoMIPS (lpj=11231880)
[    0.008003] pid_max: default: 32768 minimum: 301
[    0.009143] Security Framework initialized
[    0.010146] Yama: becoming mindful.
[    0.012024] AppArmor: AppArmor initialized
[    0.013810] Dentry cache hash table entries: 131072 (order: 8, 1048576 bytes)
[    0.015442] Inode-cache hash table entries: 65536 (order: 7, 524288 bytes)
[    0.016016] Mount-cache hash table entries: 2048 (order: 2, 16384 bytes)
[    0.017386] Mountpoint-cache hash table entries: 2048 (order: 2, 16384 bytes)
[    0.020298] Last level iTLB entries: 4KB 64, 2MB 8, 4MB 8
[    0.021480] Last level dTLB entries: 4KB 64, 2MB 0, 4MB 0, 1GB 4
[    0.022762] Spectre V1 : Mitigation: usercopy/swapgs barriers and __user pointer sanitization
[    0.024003] Spectre V2 : Mitigation: Retpolines
[    0.025070] Spectre V2 : Spectre v2 / SpectreRSB mitigation: Filling RSB on context switch
[    0.028003] Speculative Store Bypass: Vulnerable
[    0.029100] MDS: Mitigation: Clear CPU buffers
[    0.030082] MMIO Stale Data: Mitigation: Clear CPU buffers
[    0.031276] SRBDS: Unknown: Dependent on hypervisor status
[    0.032227] Freeing SMP alternatives memory: 36K
[    0.144698] smpboot: CPU0: Intel(R) Core(TM) i7-7700HQ CPU @ 2.80GHz (family: 0x6, model: 0x9e, stepping: 0x9)
[    0.146959] Performance Events: unsupported p6 CPU model 158 no PMU driver, software events only.
[    0.148000] Hierarchical SRCU implementation.
[    0.148754] NMI watchdog: Perf event create on CPU 0 failed with -2
[    0.150108] NMI watchdog: Perf NMI watchdog permanently disabled
[    0.152043] smp: Bringing up secondary CPUs ...
[    0.153155] x86: Booting SMP configuration:
[    0.154118] .... node  #0, CPUs:      #1
[    0.004000] kvm-clock: cpu 1, msr 0:3ff44041, secondary cpu clock
[    0.159756] smp: Brought up 1 node, 2 CPUs
[    0.160007] smpboot: Max logical packages: 1
[    0.160973] smpboot: Total of 2 processors activated (11231.88 BogoMIPS)
[    0.162545] devtmpfs: initialized
[    0.164074] x86/mm: Memory block size: 128MB
[    0.165118] evm: security.selinux
[    0.165909] evm: security.SMACK64
[    0.166665] evm: security.SMACK64EXEC
[    0.167470] evm: security.SMACK64TRANSMUTE
[    0.168003] evm: security.SMACK64MMAP
[    0.168869] evm: security.apparmor
[    0.169674] evm: security.ima
[    0.170386] evm: security.capability
[    0.172018] clocksource: jiffies: mask: 0xffffffff max_cycles: 0xffffffff, max_idle_ns: 7645041785100000 ns
[    0.174081] futex hash table entries: 512 (order: 3, 32768 bytes)
[    0.175442] pinctrl core: initialized pinctrl subsystem
[    0.176791] RTC time: 16:41:17, date: 09/07/22
[    0.178079] NET: Registered protocol family 16
[    0.180020] audit: initializing netlink subsys (disabled)
[    0.181346] audit: type=2000 audit(1662568883.173:1): state=initialized audit_enabled=0 res=1
[    0.182048] cpuidle: using governor ladder
[    0.184017] cpuidle: using governor menu
[    0.185048] ACPI: bus type PCI registered
[    0.185902] acpiphp: ACPI Hot Plug PCI Controller Driver version: 0.5
[    0.187308] PCI: Using configuration type 1 for base access
[    0.189177] HugeTLB registered 2.00 MiB page size, pre-allocated 0 pages
[    0.189427] ACPI: Added _OSI(Module Device)
[    0.192010] ACPI: Added _OSI(Processor Device)
[    0.192999] ACPI: Added _OSI(3.0 _SCP Extensions)
[    0.194189] ACPI: Added _OSI(Processor Aggregator Device)
[    0.196005] ACPI: Added _OSI(Linux-Dell-Video)
[    0.197066] ACPI: Added _OSI(Linux-Lenovo-NV-HDMI-Audio)
[    0.198298] ACPI: Added _OSI(Linux-HPI-Hybrid-Graphics)
[    0.200276] ACPI: Executed 1 blocks of module-level executable AML code
[    0.206177] ACPI: Interpreter enabled
[    0.207112] ACPI: (supports S0 S5)
[    0.207923] ACPI: Using IOAPIC for interrupt routing
[    0.208298] PCI: Using host bridge windows from ACPI; if necessary, use "pci=nocrs" and report a bug
[    0.210585] ACPI: Enabled 2 GPEs in block 00 to 07
[    0.219649] ACPI: PCI Root Bridge [PCI0] (domain 0000 [bus 00-ff])
[    0.220011] acpi PNP0A03:00: _OSC: OS supports [ASPM ClockPM Segments MSI]
[    0.222117] acpi PNP0A03:00: _OSC: not requesting OS control; OS requires [ExtendedConfig ASPM ClockPM MSI]
[    0.224022] acpi PNP0A03:00: fail to add MMCONFIG information, can't access extended PCI configuration space under this bridge.
[    0.228317] PCI host bridge to bus 0000:00
[    0.229298] pci_bus 0000:00: root bus resource [io  0x0000-0x0cf7 window]
[    0.230650] pci_bus 0000:00: root bus resource [io  0x0d00-0xffff window]
[    0.231961] pci_bus 0000:00: root bus resource [mem 0x000a0000-0x000bffff window]
[    0.232005] pci_bus 0000:00: root bus resource [mem 0x40000000-0xfdffffff window]
[    0.236004] pci_bus 0000:00: root bus resource [bus 00-ff]
[    0.239445] pci 0000:00:01.1: legacy IDE quirk: reg 0x10: [io  0x01f0-0x01f7]
[    0.240004] pci 0000:00:01.1: legacy IDE quirk: reg 0x14: [io  0x03f6]
[    0.241361] pci 0000:00:01.1: legacy IDE quirk: reg 0x18: [io  0x0170-0x0177]
[    0.244002] pci 0000:00:01.1: legacy IDE quirk: reg 0x1c: [io  0x0376]
[    0.261918] pci 0000:00:07.0: quirk: [io  0x4000-0x403f] claimed by PIIX4 ACPI
[    0.263866] pci 0000:00:07.0: quirk: [io  0x4100-0x410f] claimed by PIIX4 SMB
[    0.274876] ACPI: PCI Interrupt Link [LNKA] (IRQs 5 9 10 *11)
[    0.276372] ACPI: PCI Interrupt Link [LNKB] (IRQs 5 9 *10 11)
[    0.277893] ACPI: PCI Interrupt Link [LNKC] (IRQs 5 *9 10 11)
[    0.280112] ACPI: PCI Interrupt Link [LNKD] (IRQs 5 9 10 *11)
[    0.281923] SCSI subsystem initialized
[    0.282933] pci 0000:00:02.0: vgaarb: setting as boot VGA device
[    0.283159] pci 0000:00:02.0: vgaarb: VGA device added: decodes=io+mem,owns=io+mem,locks=none
[    0.284020] pci 0000:00:02.0: vgaarb: bridge control possible
[    0.285391] vgaarb: loaded
[    0.286184] ACPI: bus type USB registered
[    0.287221] usbcore: registered new interface driver usbfs
[    0.288038] usbcore: registered new interface driver hub
[    0.289493] usbcore: registered new device driver usb
[    0.290830] EDAC MC: Ver: 3.0.0
[    0.292298] PCI: Using ACPI for IRQ routing
[    0.293467] NetLabel: Initializing
[    0.294395] NetLabel:  domain hash size = 128
[    0.296004] NetLabel:  protocols = UNLABELED CIPSOv4 CALIPSO
[    0.297379] NetLabel:  unlabeled traffic allowed by default
[    0.298771] clocksource: Switched to clocksource kvm-clock
[    0.310289] VFS: Disk quotas dquot_6.6.0
[    0.311396] VFS: Dquot-cache hash table entries: 512 (order 0, 4096 bytes)
[    0.313061] AppArmor: AppArmor Filesystem Enabled
[    0.314113] pnp: PnP ACPI init
[    0.316122] pnp: PnP ACPI: found 3 devices
[    0.325742] clocksource: acpi_pm: mask: 0xffffff max_cycles: 0xffffff, max_idle_ns: 2085701024 ns
[    0.328031] NET: Registered protocol family 2
[    0.329266] IP idents hash table entries: 16384 (order: 5, 131072 bytes)
[    0.331651] TCP established hash table entries: 8192 (order: 4, 65536 bytes)
[    0.333179] TCP bind hash table entries: 8192 (order: 5, 131072 bytes)
[    0.334599] TCP: Hash tables configured (established 8192 bind 8192)
[    0.335911] UDP hash table entries: 512 (order: 2, 16384 bytes)
[    0.337160] UDP-Lite hash table entries: 512 (order: 2, 16384 bytes)
[    0.338482] NET: Registered protocol family 1
[    0.339389] pci 0000:00:00.0: Limiting direct PCI/PCI transfers
[    0.340626] pci 0000:00:01.0: Activating ISA DMA hang workarounds
[    0.341931] pci 0000:00:02.0: Video device with shadowed ROM at [mem 0x000c0000-0x000dffff]
[    0.343812] Unpacking initramfs...
[    0.629676] Freeing initrd memory: 19528K
[    0.630605] clocksource: tsc: mask: 0xffffffffffffffff max_cycles: 0x2879a98aa49, max_idle_ns: 440795226023 ns
[    0.632749] platform rtc_cmos: registered platform RTC device (no PNP device found)
[    0.634450] Scanning for low memory corruption every 60 seconds
[    0.637694] Initialise system trusted keyrings
[    0.638824] Key type blacklist registered
[    0.639824] workingset: timestamp_bits=36 max_order=18 bucket_order=0
[    0.642454] zbud: loaded
[    0.643756] squashfs: version 4.0 (2009/01/31) Phillip Lougher
[    0.645527] fuse init (API version 7.26)
[    0.648238] Key type asymmetric registered
[    0.649325] Asymmetric key parser 'x509' registered
[    0.652120] Block layer SCSI generic (bsg) driver version 0.4 loaded (major 246)
[    0.654519] io scheduler noop registered
[    0.655542] io scheduler deadline registered
[    0.656731] io scheduler cfq registered (default)
[    0.658239] ACPI: AC Adapter [AC] (on-line)
[    0.659496] input: Power Button as /devices/LNXSYSTM:00/LNXPWRBN:00/input/input0
[    0.661711] ACPI: Power Button [PWRF]
[    0.662786] input: Sleep Button as /devices/LNXSYSTM:00/LNXSLPBN:00/input/input1
[    0.664740] ACPI: Sleep Button [SLPF]
[    0.667048] ACPI: Battery Slot [BAT0] (battery present)
[    0.668523] Serial: 8250/16550 driver, 32 ports, IRQ sharing enabled
[    0.691132] 00:02: ttyS0 at I/O 0x3f8 (irq = 4, base_baud = 115200) is a 16550A
[    0.695005] Linux agpgart interface v0.103
[    0.697421] loop: module loaded
[    0.698826] scsi host0: ata_piix
[    0.699875] scsi host1: ata_piix
[    0.700818] ata1: PATA max UDMA/33 cmd 0x1f0 ctl 0x3f6 bmdma 0xd000 irq 14
[    0.702509] ata2: PATA max UDMA/33 cmd 0x170 ctl 0x376 bmdma 0xd008 irq 15
[    0.704395] tun: Universal TUN/TAP device driver, 1.6
[    0.705773] PPP generic driver version 2.4.2
[    0.706868] ehci_hcd: USB 2.0 'Enhanced' Host Controller (EHCI) Driver
[    0.708417] ehci-pci: EHCI PCI platform driver
[    0.709523] ehci-platform: EHCI generic platform driver
[    0.710762] ohci_hcd: USB 1.1 'Open' Host Controller (OHCI) Driver
[    0.712223] ohci-pci: OHCI PCI platform driver
[    0.713335] ohci-platform: OHCI generic platform driver
[    0.716097] uhci_hcd: USB Universal Host Controller Interface driver
[    0.718079] i8042: PNP: PS/2 Controller [PNP0303:PS2K,PNP0f03:PS2M] at 0x60,0x64 irq 1,12
[    0.720616] serio: i8042 KBD port at 0x60,0x64 irq 1
[    0.722033] serio: i8042 AUX port at 0x60,0x64 irq 12
[    0.723477] mousedev: PS/2 mouse device common for all mice
[    0.727958] input: AT Translated Set 2 keyboard as /devices/platform/i8042/serio0/input/input2
[    0.730199] rtc_cmos rtc_cmos: rtc core: registered rtc_cmos as rtc0
[    0.731574] rtc_cmos rtc_cmos: alarms up to one day, 114 bytes nvram
[    0.732978] i2c /dev entries driver
[    0.733949] device-mapper: uevent: version 1.0.3
[    0.735179] device-mapper: ioctl: 4.37.0-ioctl (2017-09-20) initialised: dm-devel@redhat.com
[    0.737288] ledtrig-cpu: registered to indicate activity on CPUs
[    0.738863] NET: Registered protocol family 10
[    0.743214] Segment Routing with IPv6
[    0.744038] NET: Registered protocol family 17
[    0.745030] Key type dns_resolver registered
[    0.746023] mce: Using 0 MCE banks
[    0.746741] RAS: Correctable Errors collector initialized.
[    0.747753] sched_clock: Marking stable (745941142, 0)->(972513218, -226572076)
[    0.749609] registered taskstats version 1
[    0.750466] Loading compiled-in X.509 certificates
[    0.758938] Loaded X.509 cert 'Build time autogenerated kernel key: af04d57e94487e4500da7630f19b69a59e91d95a'
[    0.761948] Loaded X.509 cert 'Canonical Ltd. Live Patch Signing: 14df34d1a87cf37625abec039ef2bf521249b969'
[    0.765980] Loaded X.509 cert 'Canonical Ltd. Kernel Module Signing: 88f752e560a1e0737e31163a466ad7b70a850c19'
[    0.768210] blacklist: Loading compiled-in revocation X.509 certificates
[    0.769844] Loaded X.509 cert 'Canonical Ltd. Secure Boot Signing: 61482aa2830d0ab2ad5af10b7250da9033ddcef0'
[    0.772273] zswap: loaded using pool lzo/zbud
[    0.776841] Key type big_key registered
[    0.777858] Key type trusted registered
[    0.780452] Key type encrypted registered
[    0.781499] AppArmor: AppArmor sha1 policy hashing enabled
[    0.782723] ima: No TPM chip found, activating TPM-bypass! (rc=-19)
[    0.784247] ima: Allocated hash algorithm: sha1
[    0.785508] evm: HMAC attrs: 0x1
[    0.786730]   Magic number: 6:374:691
[    0.787844] rtc_cmos rtc_cmos: setting system clock to 2022-09-07 16:41:18 UTC (1662568878)
[    0.790295] BIOS EDD facility v0.16 2004-Jun-25, 0 devices found
[    0.791800] EDD information not available.
[    0.890614] Freeing unused kernel image memory: 2468K
[    0.904104] Write protecting the kernel read-only data: 20480k
[    0.907517] Freeing unused kernel image memory: 2008K
[    0.909675] Freeing unused kernel image memory: 1820K
[    0.920180] x86/mm: Checked W+X mappings: passed, no W+X pages found.
[    0.921751] x86/mm: Checking user space page tables
[    0.934833] x86/mm: Checked W+X mappings: passed, no W+X pages found.
Loading, please wait...
starting version 237
[    1.014768] e1000: Intel(R) PRO/1000 Network Driver - version 7.3.21-k8-NAPI
[    1.016696] e1000: Copyright (c) 1999-2006 Intel Corporation.
[    1.047924] Fusion MPT base driver 3.04.20
[    1.049019] Copyright (c) 1999-2008 LSI Corporation
[    1.056113] AVX2 version of gcm_enc/dec engaged.
[    1.057336] AES CTR mode by8 optimization enabled
[    1.070687] Fusion MPT SPI Host driver 3.04.20
[    1.249618] input: ImExPS/2 Generic Explorer Mouse as /devices/platform/i8042/serio1/input/input4
[    1.429705] e1000 0000:00:03.0 eth0: (PCI:33MHz:32-bit) 02:a0:66:c7:c8:08
[    1.431202] e1000 0000:00:03.0 eth0: Intel(R) PRO/1000 Network Connection
[    1.822521] e1000 0000:00:08.0 eth1: (PCI:33MHz:32-bit) 08:00:27:a7:0a:a7
[    1.824621] e1000 0000:00:08.0 eth1: Intel(R) PRO/1000 Network Connection
[    1.828636] e1000 0000:00:03.0 enp0s3: renamed from eth0
[    1.828748] mptbase: ioc0: Initiating bringup
[    1.861611] e1000 0000:00:08.0 enp0s8: renamed from eth1
[    1.928398] ioc0: LSI53C1030 A0: Capabilities={Initiator}
[    2.169805] scsi host2: ioc0: LSI53C1030 A0, FwRev=00000000h, Ports=1, MaxQ=256, IRQ=20
[    2.340998] scsi 2:0:0:0: Direct-Access     VBOX     HARDDISK         1.0  PQ: 0 ANSI: 5
[    3.196916] scsi target2:0:0: Beginning Domain Validation
[    3.198972] scsi target2:0:0: Domain Validation skipping write tests
[    3.200235] scsi target2:0:0: Ending Domain Validation
[    3.201476] scsi target2:0:0: asynchronous
[    3.202851] scsi 2:0:1:0: Direct-Access     VBOX     HARDDISK         1.0  PQ: 0 ANSI: 5
[    3.432120] scsi target2:0:1: Beginning Domain Validation
[    3.434171] random: fast init done
[    3.435149] scsi target2:0:1: Domain Validation skipping write tests
[    3.437554] scsi target2:0:1: Ending Domain Validation
[    3.438748] scsi target2:0:1: asynchronous
[    3.442528] random: systemd-udevd: uninitialized urandom read (16 bytes read)
[    3.443953] random: systemd-udevd: uninitialized urandom read (16 bytes read)
[    3.445500] random: systemd-udevd: uninitialized urandom read (16 bytes read)
[    3.447457] sd 2:0:0:0: [sda] 83886080 512-byte logical blocks: (42.9 GB/40.0 GiB)
[    3.447547] sd 2:0:0:0: Attached scsi generic sg0 type 0
[    3.452272] sd 2:0:0:0: [sda] Write Protect is off
[    3.452681] sd 2:0:1:0: Attached scsi generic sg1 type 0
[    3.455287] sd 2:0:0:0: [sda] Incomplete mode parameter data
[    3.456478] sd 2:0:0:0: [sda] Assuming drive cache: write through
[    3.457873] sd 2:0:1:0: [sdb] 20480 512-byte logical blocks: (10.5 MB/10.0 MiB)
[    3.459983] sd 2:0:1:0: [sdb] Write Protect is off
[    3.461452] sd 2:0:1:0: [sdb] Incomplete mode parameter data
[    3.462801] sd 2:0:1:0: [sdb] Assuming drive cache: write through
[    3.465659]  sda: sda1
[    3.467127] sd 2:0:0:0: [sda] Attached SCSI disk
[    3.468323] sd 2:0:1:0: [sdb] Attached SCSI disk
Begin: Loading essential drivers ... [    5.104520] raid6: sse2x1   gen()  9775 MB/s
[    5.161491] raid6: sse2x1   xor()  8260 MB/s
[    5.208574] raid6: sse2x2   gen() 14639 MB/s
[    5.256157] raid6: sse2x2   xor()  8532 MB/s
[    5.313561] raid6: sse2x4   gen() 19925 MB/s
[    5.370520] raid6: sse2x4   xor() 11048 MB/s
[    5.429364] raid6: avx2x1   gen() 25919 MB/s
[    5.481024] raid6: avx2x1   xor() 17617 MB/s
[    5.540341] raid6: avx2x2   gen() 25621 MB/s
[    5.588970] raid6: avx2x2   xor() 17404 MB/s
[    5.636666] raid6: avx2x4   gen() 28791 MB/s
[    5.689274] raid6: avx2x4   xor() 19655 MB/s
[    5.690434] raid6: using algorithm avx2x4 gen() 28791 MB/s
[    5.691693] raid6: .... xor() 19655 MB/s, rmw enabled
[    5.692891] raid6: using avx2x2 recovery algorithm
[    5.695431] xor: automatically using best checksumming function   avx       
[    5.697823] async_tx: api initialized (async)
done.
Begin: Running /scripts/init-premount ... done.
Begin: Mounting root file system ... Begin: Running /scripts/local-top ... done.
Begin: Running /scripts/local-premount ... [    5.746448] Btrfs loaded, crc32c=crc32c-intel
Scanning for Btrfs filesystems
done.
Warning: fsck not present, so skipping root file system
[    5.782495] EXT4-fs (sda1): mounted filesystem with ordered data mode. Opts: (null)
done.
Begin: Running /scripts/local-bottom ... done.
Begin: Running /scripts/init-bottom ... done.
[    5.980435] ip_tables: (C) 2000-2006 Netfilter Core Team
[    5.991954] systemd[1]: systemd 237 running in system mode. (+PAM +AUDIT +SELINUX +IMA +APPARMOR +SMACK +SYSVINIT +UTMP +LIBCRYPTSETUP +GCRYPT +GNUTLS +ACL +XZ +LZ4 +SECCOMP +BLKID +ELFUTILS +KMOD -IDN2 +IDN -PCRE2 default-hierarchy=hybrid)
[    5.998330] systemd[1]: Detected virtualization oracle.
[    5.999318] systemd[1]: Detected architecture x86-64.

Welcome to [1mUbuntu 18.04.6 LTS[0m!

[    6.006336] systemd[1]: Set hostname to <ubuntu>.
[    6.010449] systemd[1]: Initializing machine ID from random generator.
[    6.011641] systemd[1]: Installed transient /etc/machine-id file.
[    6.331233] systemd[1]: Created slice System Slice.
[[0;32m  OK  [0m] Created slice System Slice.
[    6.334612] systemd[1]: Created slice system-serial\x2dgetty.slice.
[[0;32m  OK  [0m] Created slice system-serial\x2dgetty.slice.
[    6.336783] systemd[1]: Listening on fsck to fsckd communication Socket.
[[0;32m  OK  [0m] Listening on fsck to fsckd communication Socket.
[    6.338979] systemd[1]: Reached target User and Group Name Lookups.
[[0;32m  OK  [0m] Reached target User and Group Name Lookups.
[[0;32m  OK  [0m] Reached target Swap.
[[0;32m  OK  [0m] Listening on Journal Socket.
         Starting Create list of required st…ce nodes for the current kernel...
         Starting File System Check on Root Device...
[[0;32m  OK  [0m] Listening on Journal Audit Socket.
         Starting Load Kernel Modules...
         Mounting Kernel Debug File System...
[[0;32m  OK  [0m] Listening on Device-mapper event daemon FIFOs.
[[0;32m  OK  [0m] Reached target System Time Synchronized.
[[0;32m  OK  [0m] Listening on /dev/initctl Compatibility Named Pipe.
[[0;32m  OK  [0m] Listening on Journal Socket (/dev/log).
[[0;32m  OK  [0m] Listening on LVM2 metadata daemon socket.
[[0;32m  OK  [0m] Listening on udev Control Socket.
         Starting Uncomplicated firewall...
[[0;32m  OK  [0m] Listening on Network Service Netlink Socket.
[[0;32m  OK  [0m] Listening on udev Kernel Socket.
         Starting udev Coldplug all Devices...
[[0;32m  OK  [0m] Created slice User and Session Slice.
[[0;32m  OK  [0m] Listening on Syslog Socket.
[    6.384376] Loading iSCSI transport class v2.0-870.
         Starting Journal Service...
[[0;32m  OK  [0m] Listening on LVM2 poll daemon socket.
[    6.391991] iscsi: registered transport (tcp)
         Mounting POSIX Message Queue File System...
[[0;32m  OK  [0m] Reached target Slices.
         Starting Set the console keyboard layout...
         Starting Monitoring of LVM2 mirrors…ng dmeventd or progress polling...
[[0;32m  OK  [0m] Started Forward Password Requests to Wall Directory Watch.
         Mounting Huge Pages File System...
[[0;32m  OK  [0m] Set up automount Arbitrary Executab…rmats File System Automount Point.
[[0;32m  OK  [0m] Started Journal Service.
[[0;32m  OK  [0m] Started Create list of required sta…vice nodes for the current kernel.
[[0;32m  OK  [0m] Started File System Check on Root Device.
[[0;32m  OK  [0m] Mounted Kernel Debug File System.
[[0;32m  OK  [0m] Started Uncomplicated firewall.
[[0;32m  OK  [0m] Mounted POSIX Message Queue File System.
[[0;32m  OK  [0m] Mounted Huge Pages File System.
[[0;32m  OK  [0m] Started File System Check Daemon to report status.
[[0;32m  OK  [0m] Started LVM2 metadata daemon.
         Starting Remount Root and Kernel File Systems...
         Starting Create Static Device Nodes in /dev...
[    6.515517] iscsi: registered transport (iser)
[[0;32m  OK  [0m] Started Load Kernel Modules.
         Mounting FUSE Control File System...
         Mounting Kernel Configuration File System...
         Starting Apply Kernel Variables...
[[0;32m  OK  [0m] Mounted FUSE Control File System.
[[0;32m  OK  [0m] Mounted Kernel Configuration File System.
[[0;32m  OK  [0m] Started udev Coldplug all Devices.
[[0;32m  OK  [0m] Started Create Static Device Nodes in /dev.
[[0;32m  OK  [0m] Started Remount Root and Kernel File Systems.
         Starting Load/Save Random Seed...
         Starting Flush Journal to Persistent Storage...
         Starting udev Kernel Device Manager...
[[0;32m  OK  [0m] Started Apply Kernel Variables.
[[0;32m  OK  [0m] Started Load/Save Random Seed.
[[0;32m  OK  [0m] Started Monitoring of LVM2 mirrors,…sing dmeventd or progress polling.
[[0;32m  OK  [0m] Started udev Kernel Device Manager.
[[0;32m  OK  [0m] Started Flush Journal to Persistent Storage.
[[0;32m  OK  [0m] Found device /dev/ttyS0.
[[0;32m  OK  [0m] Listening on Load/Save RF Kill Switch Status /dev/rfkill Watch.
[[0;32m  OK  [0m] Started Set the console keyboard layout.
[[0;32m  OK  [0m] Reached target Local File Systems (Pre).
[[0;32m  OK  [0m] Reached target Local File Systems.
         Starting Commit a transient machine-id on disk...
         Starting Tell Plymouth To Write Out Runtime Data...
         Starting Create Volatile Files and Directories...
         Starting Set console font and keymap...
         Starting ebtables ruleset management...
         Starting AppArmor initialization...
[[0;32m  OK  [0m] Started Dispatch Password Requests to Console Directory Watch.
[[0;32m  OK  [0m] Reached target Local Encrypted Volumes.
[[0;32m  OK  [0m] Started Tell Plymouth To Write Out Runtime Data.
[[0;32m  OK  [0m] Started Create Volatile Files and Directories.
         Starting Update UTMP about System Boot/Shutdown...
[[0;32m  OK  [0m] Started Update UTMP about System Boot/Shutdown.
[[0;32m  OK  [0m] Started Commit a transient machine-id on disk.
[[0;32m  OK  [0m] Started ebtables ruleset management.
[[0;32m  OK  [0m] Started Set console font and keymap.
[[0;32m  OK  [0m] Started AppArmor initialization.
         Starting Load AppArmor profiles managed internally by snapd...
         Starting Initial cloud-init job (pre-networking)...
[[0;32m  OK  [0m] Started Load AppArmor profiles managed internally by snapd.
[   11.375280] cloud-init[882]: Cloud-init v. 22.2-0ubuntu1~18.04.3 running 'init-local' at Wed, 07 Sep 2022 16:41:28 +0000. Up 10.92 seconds.
[[0;32m  OK  [0m] Started Initial cloud-init job (pre-networking).
[[0;32m  OK  [0m] Reached target Network (Pre).
         Starting Network Service...
[[0;32m  OK  [0m] Started Network Service.
         Starting Wait for Network to be Configured...
         Starting Network Name Resolution...
[[0;32m  OK  [0m] Started Network Name Resolution.
[[0;32m  OK  [0m] Reached target Network.
[[0;32m  OK  [0m] Reached target Host and Network Name Lookups.
[[0;32m  OK  [0m] Started Wait for Network to be Configured.
         Starting Initial cloud-init job (metadata service crawler)...
[   13.658622] cloud-init[1009]: Cloud-init v. 22.2-0ubuntu1~18.04.3 running 'init' at Wed, 07 Sep 2022 16:41:31 +0000. Up 13.40 seconds.
[   13.661209] cloud-init[1009]: ci-info: ++++++++++++++++++++++++++++++++++++++Net device info+++++++++++++++++++++++++++++++++++++++
[   13.663093] cloud-init[1009]: ci-info: +--------+-------+----------------------------+---------------+--------+-------------------+
[   13.664733] cloud-init[1009]: ci-info: | Device |   Up  |          Address           |      Mask     | Scope  |     Hw-Address    |
[   13.667828] cloud-init[1009]: ci-info: +--------+-------+----------------------------+---------------+--------+-------------------+
[   13.669539] cloud-init[1009]: ci-info: | enp0s3 |  True |         10.0.2.15          | 255.255.255.0 | global | 02:a0:66:c7:c8:08 |
[   13.671174] cloud-init[1009]: ci-info: | enp0s3 |  True | fe80::a0:66ff:fec7:c808/64 |       .       |  link  | 02:a0:66:c7:c8:08 |
[   13.672906] cloud-init[1009]: ci-info: | enp0s8 | False |             .              |       .       |   .    | 08:00:27:a7:0a:a7 |
[   13.674592] cloud-init[1009]: ci-info: |   lo   |  True |         127.0.0.1          |   255.0.0.0   |  host  |         .         |
[   13.676512] cloud-init[1009]: ci-info: |   lo   |  True |          ::1/128           |       .       |  host  |         .         |
[   13.678526] cloud-init[1009]: ci-info: +--------+-------+----------------------------+---------------+--------+-------------------+
[   13.680606] cloud-init[1009]: ci-info: ++++++++++++++++++++++++++++Route IPv4 info+++++++++++++++++++++++++++++
[   13.682261] cloud-init[1009]: ci-info: +-------+-------------+----------+-----------------+-----------+-------+
[   13.683955] cloud-init[1009]: ci-info: | Route | Destination | Gateway  |     Genmask     | Interface | Flags |
[   13.685690] cloud-init[1009]: ci-info: +-------+-------------+----------+-----------------+-----------+-------+
[   13.687348] cloud-init[1009]: ci-info: |   0   |   0.0.0.0   | 10.0.2.2 |     0.0.0.0     |   enp0s3  |   UG  |
[   13.689040] cloud-init[1009]: ci-info: |   1   |   10.0.2.0  | 0.0.0.0  |  255.255.255.0  |   enp0s3  |   U   |
[   13.690703] cloud-init[1009]: ci-info: |   2   |   10.0.2.2  | 0.0.0.0  | 255.255.255.255 |   enp0s3  |   UH  |
[   13.692383] cloud-init[1009]: ci-info: +-------+-------------+----------+-----------------+-----------+-------+
[   13.694007] cloud-init[1009]: ci-info: +++++++++++++++++++Route IPv6 info+++++++++++++++++++
[   13.695413] cloud-init[1009]: ci-info: +-------+-------------+---------+-----------+-------+
[   13.696868] cloud-init[1009]: ci-info: | Route | Destination | Gateway | Interface | Flags |
[   13.698530] cloud-init[1009]: ci-info: +-------+-------------+---------+-----------+-------+
[   13.700137] cloud-init[1009]: ci-info: |   1   |  fe80::/64  |    ::   |   enp0s3  |   U   |
[   13.701443] cloud-init[1009]: ci-info: |   3   |    local    |    ::   |   enp0s3  |   U   |
[   13.702966] cloud-init[1009]: ci-info: |   4   |   ff00::/8  |    ::   |   enp0s3  |   U   |
[   13.704434] cloud-init[1009]: ci-info: +-------+-------------+---------+-----------+-------+
[   14.605615] cloud-init[1009]: Generating public/private rsa key pair.
[   14.606458] cloud-init[1009]: Your identification has been saved in /etc/ssh/ssh_host_rsa_key.
[   14.607690] cloud-init[1009]: Your public key has been saved in /etc/ssh/ssh_host_rsa_key.pub.
[   14.633738] cloud-init[1009]: The key fingerprint is:
[   14.634431] cloud-init[1009]: SHA256:N2ReztjBeH/0GSTCT5Ud8ZC+cNYhCOwmjxXnQNSTcEU root@ubuntu-bionic
[   14.635618] cloud-init[1009]: The key's randomart image is:
[   14.636539] cloud-init[1009]: +---[RSA 2048]----+
[   14.637292] cloud-init[1009]: |        +==o=Eo*=|
[   14.638044] cloud-init[1009]: |         +.X.o++o|
[   14.638751] cloud-init[1009]: |        . O O..o+|
[   14.639421] cloud-init[1009]: |       . B O.++.=|
[   14.640194] cloud-init[1009]: |        S = ++.oo|
[   14.640908] cloud-init[1009]: |       . o .  .. |
[   14.641582] cloud-init[1009]: |                 |
[   14.642238] cloud-init[1009]: |                 |
[   14.642875] cloud-init[1009]: |                 |
[   14.643532] cloud-init[1009]: +----[SHA256]-----+
[   14.644176] cloud-init[1009]: Generating public/private dsa key pair.
[   14.644997] cloud-init[1009]: Your identification has been saved in /etc/ssh/ssh_host_dsa_key.
[   14.646212] cloud-init[1009]: Your public key has been saved in /etc/ssh/ssh_host_dsa_key.pub.
[   14.647262] cloud-init[1009]: The key fingerprint is:
[   14.647996] cloud-init[1009]: SHA256:wX1e1Z/oszT/nPVXZE0SiQ44+GFdcb7TD/d7IAdF76I root@ubuntu-bionic
[   14.661860] cloud-init[1009]: The key's randomart image is:
[   14.662926] cloud-init[1009]: +---[DSA 1024]----+
[   14.663723] cloud-init[1009]: |       . o .o++oo|
[   14.666107] cloud-init[1009]: |      ..=.o .o+oo|
[   14.666982] cloud-init[1009]: |       ooo.o..+o=|
[   14.667915] cloud-init[1009]: |        .. ooo ==|
[   14.668839] cloud-init[1009]: |        S   o.=o+|
[   14.669563] cloud-init[1009]: |            .*o=+|
[   14.670225] cloud-init[1009]: |            Eo=.=|
[   14.670988] cloud-init[1009]: |             . oB|
[   14.671709] cloud-init[1009]: |               oB|
[   14.672348] cloud-init[1009]: +----[SHA256]-----+
[   14.702846] cloud-init[1009]: Generating public/private ecdsa key pair.[[0;32m  OK  [0m] Started Initial cloud-init job (metadata service crawler).
[[0;32m  OK  [0m] Reached target Cloud-config availability.
[[0;32m  OK  [0m] Reached target Network is Online.

         Starting Availability of block devices...
[[0;32m  OK  [0m] Reached target Remote File Systems (Pre).
[[0;32m  OK  [0m] Reached target Remote File Systems.
[[0;32m  OK  [0m] Reached target System Initialization.
[[0;32m  OK  [0m] Listening on UUID daemon activation socket.
[[0;32m  OK  [0m] Started Daily apt download activities.
[[0;32m  OK  [0m] Started ACPI Events Check.
[[0;32m  OK  [0m] Listening on ACPID Listen Socket.
[[0;32m  OK  [0m] Started Daily apt upgrade and clean activities.
[[0;32m  OK  [0m] Started Message of the Day.
[   14.710222] [[0;32m  OK  [0m] Reached target Paths.
[[0;32m  OK  [0m] Started Daily Cleanup of Temporary Directories.
[[0;32m  OK  [0m] Started Ubuntu Advantage Timer for running repeated jobs.
[[0;32m  OK  [0m] Started Discard unused blocks once a week.
[[0;32m  OK  [0m] Reached target Timers.
cloud-init[1009]: Your identification has been saved in /etc/ssh/ssh_host_ecdsa_key.         Starting LXD - unix socket.
[[0;32m  OK  [0m] Listening on D-Bus System Message Bus Socket.
         Starting Socket activation for snappy daemon.
[[0;32m  OK  [0m] Listening on Open-iSCSI iscsid Socket.
[[0;32m  OK  [0m] Listening on cloud-init hotplug hook socket.
[[0;32m  OK  [0m] Started Availability of block devices.
[[0;32m  OK  [0m] Listening on Socket activation for snappy daemon.

[   14.742288] cloud-init[1009]: Your public key has been saved in /etc/ssh/ssh_host_ecdsa_key.pub.
[   14.743191] cloud-init[1009]: The key fingerprint is:
[   14.743757] cloud-init[1009]: SHA256:8vXdJIldsVBppL0ZJfC6pzXJHKfpgVtc78K/K8KPc9Y root@ubuntu-bionic
[   14.760460] [[0;32m  OK  [0m] Listening on LXD - unix socket.
[[0;32m  OK  [0m] Reached target Sockets.
cloud-init[1009]: [The key's randomart image is:[0;32m  OK  [0m
] Reached target Basic System.
[   14.762980] cloud-init[1009]: +---[ECDSA 256]---+
[   14.764679] cloud-init[1009]: |            .o++o|
[   14.765721]          Starting Virtualbox guest utils...
cloud-init[1009]: [[0;32m  OK  [0m] Started D-Bus System Message Bus.
|             .+++|
[   14.770610] cloud-init[1009]: |             .o+.|
[   14.772489] cloud-init[1009]: |             + o+|
[   14.777078] cloud-init[1009]: |      . S . o =o+|
[   14.779496] cloud-init[1009]: |       o . . B @.|
[   14.782281] cloud-init[1009]: |        . . +./ o|
[   14.784273] cloud-init[1009]: |           +.@oE |
[   14.786801] cloud-init[1009]: |           .O.o==|
[   14.788546] cloud-init[1009]: +----[SHA256]-----+
[   14.789308] cloud-init[1009]: Generating public/private ed25519 key pair.
[   14.790301] cloud-init[1009]: Your identification has been saved in /etc/ssh/ssh_host_ed25519_key.
         Starting Accounts Service...
[   14.808734] cloud-init[1009]: Your public key has been saved in /etc/ssh/ssh_host_ed25519_key.pub.
         Starting LSB: automatic crash report generation...
[   14.809992] cloud-init[1009]: The key fingerprint is:
[   14.825762] cloud-init[1009]: SHA256:JU8YWcSTwXJww707Xmz5VFR0MnhZtkB654yKfkQds/Y root@ubuntu-bionic
[   14.827330] cloud-init[1009]: The key's randomart image is:
[   14.828475] cloud-init[1009]: +--[ED25519 256]--+
[   14.829449] cloud-init[1009]: |        oO*+.+o+B|
[   14.830615] cloud-init[1009]: |        o+B.+o+++|
[   14.831561] cloud-init[1009]: |        oooo.+++ |
[   14.833506] cloud-init[1009]: |         = .o+= .|
[   14.834743] cloud-init[1009]: |        S o .+.+.|
[   14.836292] cloud-init[1009]: |          ..+ =E.|
[   14.839120] cloud-init[1009]: |         ..o + o |[[0;32m  OK  [0m] Started Regular background program processing daemon.
         Starting Permit User Sessions...
         Starting System Logging Service...
[[0;32m  OK  [0m] Started FUSE filesystem for LXC.
[[0;32m  OK  [0m] Started Deferred execution scheduler.

[   14.846664] cloud-init[1009]: |        .  ..   .|
[   14.849453] cloud-init[1009]: |         ..      |
[   14.851668] cloud-init[1009]: +----[SHA256]-----+
         Starting Pollinate to seed the pseudo random number generator...
         Starting LSB: Record successful boot for GRUB...
         Starting Dispatcher daemon for systemd-networkd...
[[0;32m  OK  [0m] Started irqbalance daemon.
         Starting LXD - container startup/shutdown...
         Starting Login Service...
         Starting Snap Daemon...
[[0;32m  OK  [0m] Started System Logging Service.
[[0;32m  OK  [0m] Started Permit User Sessions.
         Starting Authorization Manager...
         Starting Terminate Plymouth Boot Screen...
         Starting Hold until boot process finishes up...
[[0;32m  OK  [0m] Started Hold until boot process finishes up.
[[0;32m  OK  [0m] Started Login Service.
[[0;32m  OK  [0m] Started Unattended Upgrades Shutdown.
         Starting Set console scheme...
[[0;32m  OK  [0m] Started Serial Getty on ttyS0.
[[0;32m  OK  [0m] Started Terminate Plymouth Boot Screen.
[[0;32m  OK  [0m] Started Authorization Manager.
[[0;32m  OK  [0m] Started Accounts Service.
[[0;32m  OK  [0m] Started Set console scheme.
[[0;32m  OK  [0m] Created slice system-getty.slice.
[[0;32m  OK  [0m] Started Getty on tty1.
[[0;32m  OK  [0m] Reached target Login Prompts.
[[0;32m  OK  [0m] Started LSB: automatic crash report generation.
[[0;32m  OK  [0m] Started LSB: Record successful boot for GRUB.
[[0;32m  OK  [0m] Started Virtualbox guest utils.
[[0;32m  OK  [0m] Started LXD - container startup/shutdown.
[[0;32m  OK  [0m] Started Dispatcher daemon for systemd-networkd.
[[0;32m  OK  [0m] Started Snap Daemon.
         Starting Wait until snapd is fully seeded...
         Starting Time & Date Service...
[[0;32m  OK  [0m] Started Time & Date Service.
[[0;32m  OK  [0m] Started Pollinate to seed the pseudo random number generator.
         Starting OpenBSD Secure Shell server...
[[0;32m  OK  [0m] Started OpenBSD Secure Shell server.
[[0;32m  OK  [0m] Started Wait until snapd is fully seeded.
         Starting Apply the settings specified in cloud-config...
[[0;32m  OK  [0m] Created slice User Slice of vagrant.
         Starting User Manager for UID 1000...
[[0;32m  OK  [0m] Started Session 1 of user vagrant.
[[0;32m  OK  [0m] Started User Manager for UID 1000.

Ubuntu 18.04.6 LTS ubuntu-bionic ttyS0

ubuntu-bionic login: [   27.862558] cloud-init[1585]: Cloud-init v. 22.2-0ubuntu1~18.04.3 running 'modules:config' at Wed, 07 Sep 2022 16:41:35 +0000. Up 18.23 seconds.
ci-info: no authorized SSH keys fingerprints found for user ubuntu.
<14>Sep  7 16:41:46 cloud-init: #############################################################
<14>Sep  7 16:41:46 cloud-init: -----BEGIN SSH HOST KEY FINGERPRINTS-----
<14>Sep  7 16:41:46 cloud-init: 1024 SHA256:wX1e1Z/oszT/nPVXZE0SiQ44+GFdcb7TD/d7IAdF76I root@ubuntu-bionic (DSA)
<14>Sep  7 16:41:46 cloud-init: 256 SHA256:8vXdJIldsVBppL0ZJfC6pzXJHKfpgVtc78K/K8KPc9Y root@ubuntu-bionic (ECDSA)
<14>Sep  7 16:41:46 cloud-init: 256 SHA256:JU8YWcSTwXJww707Xmz5VFR0MnhZtkB654yKfkQds/Y root@ubuntu-bionic (ED25519)
<14>Sep  7 16:41:46 cloud-init: 2048 SHA256:N2ReztjBeH/0GSTCT5Ud8ZC+cNYhCOwmjxXnQNSTcEU root@ubuntu-bionic (RSA)
<14>Sep  7 16:41:46 cloud-init: -----END SSH HOST KEY FINGERPRINTS-----
<14>Sep  7 16:41:46 cloud-init: #############################################################
-----BEGIN SSH HOST KEY KEYS-----
ecdsa-sha2-nistp256 AAAAE2VjZHNhLXNoYTItbmlzdHAyNTYAAAAIbmlzdHAyNTYAAABBBDzDJkxG7nDYarxRPDcFWb2zE7aiKNHvtnWI4igcOYaeC9UTXVkbEDp9l2uINfEvqWu6418vjlvBwTqtRFsg9cI= root@ubuntu-bionic
ssh-ed25519 AAAAC3NzaC1lZDI1NTE5AAAAIGP6YpFdhtEYfaa6WYYacZHUxWAsxsW25He+MDvdoXiT root@ubuntu-bionic
ssh-rsa AAAAB3NzaC1yc2EAAAADAQABAAABAQDeYDQhGFYwho/3yM0jENOXtOH8Zz0mLE/20cVnbSHPFK7lYRUq2hkZc1E281qD1cp5VG/AHsMqGXHkuJ+WOpPChvzVbk4fzmzHkqGZeKbFPqvuEqft5p8DLL1pr7UnGjuqawDj+QNpfAtaqZBlyURGcXiBpJ7JxL2uG04Dn8tM8lsQuYlC5Xt0XG5p7wM956tPtMuiPTFhCM4dkvTZ8FZl1UbZrCPYOUuSrMJLkwLzV9lVzg0KvCqgCUNMFzTqlMm56dImTktNOdhtWzXmv6IpiMf6E0OcJd+wjIN8JkMNFoBfTKxeCU2+Xz6gydLM4IEdaa199MW6xaOY6inzRoEr root@ubuntu-bionic
-----END SSH HOST KEY KEYS-----
[   29.325113] cloud-init[1719]: Cloud-init v. 22.2-0ubuntu1~18.04.3 running 'modules:final' at Wed, 07 Sep 2022 16:41:46 +0000. Up 28.67 seconds.
[   29.325261] cloud-init[1719]: Cloud-init v. 22.2-0ubuntu1~18.04.3 finished at Wed, 07 Sep 2022 16:41:47 +0000. Datasource DataSourceNoCloud [seed=/dev/sdb][dsmode=net].  Up 29.29 seconds
